<?xml version="1.0" encoding="UTF-8"?>
<!-- Generated by org.testng.reporters.JUnitXMLReporter -->
<testsuite ignored="0" hostname="Aashish" failures="0" tests="9" name="Test" time="52.128" errors="0" timestamp="2023-07-09T10:07:02 IST">
  <testcase classname="TestCases.Brevistay" name="launchHomepage" time="4.322"/>
  <testcase classname="TestCases.Brevistay" name="login" time="5.526"/>
  <testcase classname="TestCases.Brevistay" name="selectCity" time="3.007"/>
  <testcase classname="TestCases.Brevistay" name="verifyingAreaFilter" time="2.411"/>
  <testcase classname="TestCases.Brevistay" name="verifyingCoupleFriendly" time="1.137"/>
  <testcase classname="TestCases.Brevistay" name="verifyingCoupleFriendlywithpah" time="1.143"/>
  <testcase classname="TestCases.BrevistayRatingsAndTags" name="verifyRatingFourAndHalf" time="8.322"/>
  <testcase classname="TestCases.BrevistayRatingsAndTags" name="verifyingPremiumTag" time="2.535"/>
  <testcase classname="TestCases.BrevistayRatingsAndTags" name="verifyingLuxuryTag" time="2.35"/>
</testsuite> <!-- Test -->
