<?xml version="1.0" encoding="UTF-8"?>
<!-- Generated by org.testng.reporters.JUnitXMLReporter -->
<testsuite ignored="0" hostname="Aashish" failures="0" tests="9" name="Test" time="77.73" errors="0" timestamp="2023-07-11T14:02:03 IST">
  <testcase classname="TestCases.Brevistay" name="launchHomepage" time="5.171"/>
  <testcase classname="TestCases.Brevistay" name="login" time="4.351"/>
  <testcase classname="TestCases.Brevistay" name="selectCity" time="3.595"/>
  <testcase classname="TestCases.Brevistay" name="verifyingAreaFilter" time="3.643"/>
  <testcase classname="TestCases.Brevistay" name="verifyingCoupleFriendly" time="1.42"/>
  <testcase classname="TestCases.Brevistay" name="verifyingCoupleFriendlywithpah" time="1.317"/>
  <testcase classname="TestCases.BrevistayRatingsAndTags" name="verifyRatingFourAndHalf" time="22.118"/>
  <testcase classname="TestCases.BrevistayRatingsAndTags" name="verifyingPremiumTag" time="3.634"/>
  <testcase classname="TestCases.BrevistayRatingsAndTags" name="verifyingLuxuryTag" time="2.881"/>
</testsuite> <!-- Test -->
