<?xml version="1.0" encoding="UTF-8"?>
<!-- Generated by org.testng.reporters.JUnitXMLReporter -->
<testsuite ignored="0" hostname="Aashish" failures="0" tests="9" name="Test" time="54.416" errors="0" timestamp="2023-07-09T20:56:40 IST">
  <testcase classname="TestCases.Brevistay" name="launchHomepage" time="9.201"/>
  <testcase classname="TestCases.Brevistay" name="login" time="4.798"/>
  <testcase classname="TestCases.Brevistay" name="selectCity" time="4.441"/>
  <testcase classname="TestCases.Brevistay" name="verifyingAreaFilter" time="2.404"/>
  <testcase classname="TestCases.Brevistay" name="verifyingCoupleFriendly" time="1.146"/>
  <testcase classname="TestCases.Brevistay" name="verifyingCoupleFriendlywithpah" time="1.139"/>
  <testcase classname="TestCases.BrevistayRatingsAndTags" name="verifyRatingFourAndHalf" time="6.994"/>
  <testcase classname="TestCases.BrevistayRatingsAndTags" name="verifyingPremiumTag" time="2.287"/>
  <testcase classname="TestCases.BrevistayRatingsAndTags" name="verifyingLuxuryTag" time="2.176"/>
</testsuite> <!-- Test -->
