<?xml version="1.0" encoding="UTF-8"?>
<testng-results ignored="0" total="1" passed="1" failed="0" skipped="0">
  <reporter-output>
  </reporter-output>
  <suite started-at="2024-09-26T14:38:55 IST" name="Suite" finished-at="2024-09-26T14:39:09 IST" duration-ms="13517">
    <groups>
    </groups>
    <test started-at="2024-09-26T14:38:55 IST" name="Test" finished-at="2024-09-26T14:39:09 IST" duration-ms="13517">
      <class name="PageFactoryExample.VerifyValidLogin">
        <test-method signature="checkValidUser()[pri:0, instance:PageFactoryExample.VerifyValidLogin@2af004b]" started-at="2024-09-26T14:38:55 IST" name="checkValidUser" finished-at="2024-09-26T14:39:09 IST" duration-ms="13405" status="PASS">
          <reporter-output>
          </reporter-output>
        </test-method> <!-- checkValidUser -->
      </class> <!-- PageFactoryExample.VerifyValidLogin -->
    </test> <!-- Test -->
  </suite> <!-- Suite -->
</testng-results>
