<?xml version="1.0" encoding="UTF-8"?>
<testsuite xmlns:xsi="http://www.w3.org/2001/XMLSchema-instance" xsi:noNamespaceSchemaLocation="https://maven.apache.org/surefire/maven-surefire-plugin/xsd/surefire-test-report-3.0.xsd" version="3.0" name="TestSuite" time="55.045" tests="9" errors="0" skipped="0" failures="0">
  <properties>
[...]
</properties>
  <testcase name="launchHomepage" classname="TestCases.Brevistay" time="9.282">
    <system-out><![CDATA[Showing  193  Best Hyderabad Hotels
Hourly Hotels | Hourly Rooms | Book Hotel For Few Hours
]]></system-out>
    <system-err><![CDATA[SLF4J: Failed to load class "org.slf4j.impl.StaticLoggerBinder".
SLF4J: Defaulting to no-operation (NOP) logger implementation
SLF4J: See http://www.slf4j.org/codes.html#StaticLoggerBinder for further details.
Starting ChromeDriver 114.0.5735.90 (386bc09e8f4f2e025eddae123f36f6263096ae49-refs/branch-heads/5735@{#1052}) on port 22140
Only local connections are allowed.
Please see https://chromedriver.chromium.org/security-considerations for suggestions on keeping ChromeDriver safe.
ChromeDriver was started successfully.
Jul 09, 2023 8:55:49 PM org.openqa.selenium.devtools.CdpVersionFinder findNearestMatch
WARNING: Unable to find an exact match for CDP version 114, so returning the closest version found: 111
Starting ChromeDriver 114.0.5735.90 (386bc09e8f4f2e025eddae123f36f6263096ae49-refs/branch-heads/5735@{#1052}) on port 27365
Only local connections are allowed.
Please see https://chromedriver.chromium.org/security-considerations for suggestions on keeping ChromeDriver safe.
ChromeDriver was started successfully.
Jul 09, 2023 8:55:50 PM org.openqa.selenium.devtools.CdpVersionFinder findNearestMatch
WARNING: Unable to find an exact match for CDP version 114, so returning the closest version found: 111
]]></system-err>
  </testcase>
  <testcase name="login" classname="TestCases.Brevistay" time="4.796">
    <system-out><![CDATA[Successful Login..
]]></system-out>
  </testcase>
  <testcase name="selectCity[Hyderabad](1)" classname="TestCases.Brevistay" time="4.441">
    <system-out><![CDATA[Showing  193  Best Hyderabad Hotels
Hotels displayed... 193
]]></system-out>
  </testcase>
  <testcase name="verifyingAreaFilter" classname="TestCases.Brevistay" time="2.404">
    <system-out><![CDATA[Showing  9  Best Hyderabad Hotels
Hotels displayed after filter... 9
filter applied...
]]></system-out>
  </testcase>
  <testcase name="verifyingCoupleFriendly" classname="TestCases.Brevistay" time="1.153">
    <system-out><![CDATA[Couple fiendly filter applied...
]]></system-out>
  </testcase>
  <testcase name="verifyingCoupleFriendlywithpah" classname="TestCases.Brevistay" time="1.141">
    <system-out><![CDATA[Couple fiendly with Pay at Hotel filter applied...
]]></system-out>
  </testcase>
  <testcase name="verifyRatingFourAndHalf" classname="TestCases.BrevistayRatingsAndTags" time="7.002">
    <system-out><![CDATA[(//input[contains(@type,'radio')])[2]
98
https://www.brevistay.com/hotels/gis-select-banjara-hills-in-hyderabad-1308=====4.6 (85 Reviews)
https://www.brevistay.com/hotels/frenotel-madhapur-in-hyderabad-3310=====4.6 (62 Reviews)
https://www.brevistay.com/hotels/dhola-ri-dhani-in-hyderabad-4400=====5 (1 Reviews)
https://www.brevistay.com/hotels/yellow-bells-signature-in-hyderabad-4196=====4.9 (2 Reviews)
https://www.brevistay.com/hotels/marigold-atnest-in-hyderabad-4438=====4.6 (4 Reviews)
https://www.brevistay.com/hotels/hotel-taar-tangerine-by-dhm-in-hyderabad-4752=====5 (1 Reviews)
https://www.brevistay.com/hotels/goldhorn-hotel-and-banquets-in-hyderabad-2314=====4.5 (36 Reviews)
https://www.brevistay.com/hotels/sam-group-bommarillu-in-hyderabad-4064=====5 (1 Reviews)
https://www.brevistay.com/hotels/hotel-rain-tree-in-hyderabad-1296=====4.6 (82 Reviews)
https://www.brevistay.com/hotels/hotel-incredible-one-in-hyderabad-1883=====4.5 (18 Reviews)
https://www.brevistay.com/hotels/starinn-hotel-sai-manikanta-park-in-hyderabad-3691=====5 (1 Reviews)
https://www.brevistay.com/hotels/maruti-residency-in-hyderabad-4569=====5 (1 Reviews)
https://www.brevistay.com/hotels/luxor-park-in-hyderabad-2163=====4.7 (4 Reviews)
https://www.brevistay.com/hotels/hotel-double-tree-in-hyderabad-3945=====4.6 (4 Reviews)
https://www.brevistay.com/hotels/prowell-hotel-in-hyderabad-2159=====4.6 (4 Reviews)
https://www.brevistay.com/hotels/hotel-arastu-in-hyderabad-4429=====5 (1 Reviews)
https://www.brevistay.com/hotels/falcons-nest-merlin-studios-in-hyderabad-1215=====5 (4 Reviews)
https://www.brevistay.com/hotels/hotel-sasya-elite-in-hyderabad-1793=====4.5 (25 Reviews)
https://www.brevistay.com/hotels/hotel-sai-manikanta-grand-in-hyderabad-3681=====5 (1 Reviews)
https://www.brevistay.com/hotels/hotel-sky-view-suites-in-hyderabad-1642=====5 (2 Reviews)
https://www.brevistay.com/hotels/hotel-prime-choice-in-hyderabad-1652=====4.9 (2 Reviews)
https://www.brevistay.com/hotels/rester-xpress-kondapur-in-hyderabad-3044=====5 (1 Reviews)
https://www.brevistay.com/hotels/hotel-townside-in-hyderabad-3719=====5 (1 Reviews)
https://www.brevistay.com/hotels/hotel-s.s-suites-in-hyderabad-3906=====5 (2 Reviews)
https://www.brevistay.com/hotels/hamsa-the-right-choice-hotel-in-hyderabad-2863=====5 (1 Reviews)
https://www.brevistay.com/hotels/the-prime-in-hyderabad-3397=====5 (3 Reviews)
https://www.brevistay.com/hotels/hotel-siri-inn-in-hyderabad-1641=====4.8 (17 Reviews)
https://www.brevistay.com/hotels/relax-grand-in-hyderabad-2787=====5 (3 Reviews)
https://www.brevistay.com/hotels/hotel-jaya-international-in-hyderabad-3369=====5 (1 Reviews)
https://www.brevistay.com/hotels/vaishnavi-palace-in-hyderabad-1206=====4.6 (2 Reviews)
https://www.brevistay.com/hotels/hotel-priya-residency-in-hyderabad-1197=====4.8 (3 Reviews)
https://www.brevistay.com/hotels/srirama-empire-in-hyderabad-4143=====5 (1 Reviews)
https://www.brevistay.com/hotels/hyatt-place-in-hyderabad-3699=====5 (4 Reviews)
https://www.brevistay.com/hotels/ebony-boutique-hotel-in-hyderabad-1796=====4.6 (50 Reviews)
https://www.brevistay.com/hotels/rester-select---gachibowli-in-hyderabad-3018=====4.7 (54 Reviews)
https://www.brevistay.com/hotels/hotel-yellow-bells-in-hyderabad-4195=====4.8 (1 Reviews)
https://www.brevistay.com/hotels/rester-select-kukatpally-in-hyderabad-3386=====5 (1 Reviews)
https://www.brevistay.com/hotels/gsr-grand-in-hyderabad-4070=====4.7 (9 Reviews)
https://www.brevistay.com/hotels/pearl-regency-by-vashishtha-hotel-in-hyderabad-4622=====5 (1 Reviews)
https://www.brevistay.com/hotels/istay-hotels-jubilee-hills-in-hyderabad-2970=====4.9 (4 Reviews)
https://www.brevistay.com/hotels/istay-hotels-hi-tech-city-in-hyderabad-2980=====4.6 (12 Reviews)
https://www.brevistay.com/hotels/hotel-imperial-classic-in-hyderabad-1204=====4.5 (164 Reviews)
https://www.brevistay.com/hotels/hotel-n-s-royal-emirates-in-hyderabad-1323=====4.6 (30 Reviews)
https://www.brevistay.com/hotels/prestige-castle-inn-in-hyderabad-3344=====5 (3 Reviews)
https://www.brevistay.com/hotels/hotel-restel-studio-in-hyderabad-1305=====4.7 (63 Reviews)
https://www.brevistay.com/hotels/hotel-balaji-grand-in-hyderabad-492=====4.7 (13 Reviews)
https://www.brevistay.com/hotels/hotel-qube-inn--in-hyderabad-710=====4.8 (3 Reviews)
https://www.brevistay.com/hotels/srirama-inn-in-hyderabad-4144=====5 (3 Reviews)
]]></system-out>
  </testcase>
  <testcase name="verifyingPremiumTag" classname="TestCases.BrevistayRatingsAndTags" time="2.287">
    <system-out><![CDATA[Showing  8  Best Hyderabad Hotels
]]></system-out>
  </testcase>
  <testcase name="verifyingLuxuryTag" classname="TestCases.BrevistayRatingsAndTags" time="2.179">
    <system-out><![CDATA[Showing  1  Best Hyderabad Hotels
]]></system-out>
  </testcase>
</testsuite>