<?xml version="1.0" encoding="UTF-8"?>
<testng-results ignored="0" total="9" passed="9" failed="0" skipped="0">
  <reporter-output>
  </reporter-output>
  <suite started-at="2023-07-11T14:00:45 IST" name="Suite" finished-at="2023-07-11T14:02:03 IST" duration-ms="77730">
    <groups>
    </groups>
    <test started-at="2023-07-11T14:00:45 IST" name="Test" finished-at="2023-07-11T14:02:03 IST" duration-ms="77730">
      <class name="TestCases.Brevistay">
        <test-method is-config="true" signature="browser(java.lang.String)[pri:0, instance:TestCases.Brevistay@3fed2870]" started-at="2023-07-11T14:00:45 IST" name="browser" finished-at="2023-07-11T14:00:49 IST" duration-ms="3173" status="PASS">
          <params>
            <param index="0">
              <value>
                <![CDATA[chrome]]>
              </value>
            </param>
          </params>
          <reporter-output>
          </reporter-output>
        </test-method> <!-- browser -->
        <test-method signature="launchHomepage()[pri:1, instance:TestCases.Brevistay@3fed2870]" started-at="2023-07-11T14:01:15 IST" name="launchHomepage" description="Launch homepage" finished-at="2023-07-11T14:01:20 IST" duration-ms="5171" status="PASS">
          <reporter-output>
          </reporter-output>
        </test-method> <!-- launchHomepage -->
        <test-method signature="login()[pri:3, instance:TestCases.Brevistay@3fed2870]" started-at="2023-07-11T14:01:20 IST" name="login" description="Login Check" finished-at="2023-07-11T14:01:24 IST" duration-ms="4351" status="PASS">
          <reporter-output>
          </reporter-output>
        </test-method> <!-- login -->
        <test-method signature="selectCity(java.lang.String)[pri:4, instance:TestCases.Brevistay@3fed2870]" started-at="2023-07-11T14:01:24 IST" name="selectCity" description="Seach data with respective city" finished-at="2023-07-11T14:01:28 IST" duration-ms="3595" status="PASS">
          <params>
            <param index="0">
              <value>
                <![CDATA[Hyderabad]]>
              </value>
            </param>
          </params>
          <reporter-output>
          </reporter-output>
        </test-method> <!-- selectCity -->
        <test-method signature="verifyingAreaFilter()[pri:5, instance:TestCases.Brevistay@3fed2870]" started-at="2023-07-11T14:01:28 IST" name="verifyingAreaFilter" description="Verify after filter applied" finished-at="2023-07-11T14:01:32 IST" duration-ms="3643" status="PASS">
          <reporter-output>
          </reporter-output>
        </test-method> <!-- verifyingAreaFilter -->
        <test-method signature="verifyingCoupleFriendly()[pri:6, instance:TestCases.Brevistay@3fed2870]" started-at="2023-07-11T14:01:32 IST" name="verifyingCoupleFriendly" description="Apply filter couple friendly." finished-at="2023-07-11T14:01:33 IST" duration-ms="1420" status="PASS">
          <reporter-output>
          </reporter-output>
        </test-method> <!-- verifyingCoupleFriendly -->
        <test-method signature="verifyingCoupleFriendlywithpah()[pri:7, instance:TestCases.Brevistay@3fed2870]" started-at="2023-07-11T14:01:33 IST" name="verifyingCoupleFriendlywithpah" description="Apply filter couple friendly with Pay at Hotel." finished-at="2023-07-11T14:01:34 IST" duration-ms="1317" status="PASS">
          <reporter-output>
          </reporter-output>
        </test-method> <!-- verifyingCoupleFriendlywithpah -->
      </class> <!-- TestCases.Brevistay -->
      <class name="TestCases.BrevistayRatingsAndTags">
        <test-method is-config="true" signature="prerequisites(java.lang.String,java.lang.String)[pri:0, instance:TestCases.BrevistayRatingsAndTags@22f31dec]" started-at="2023-07-11T14:00:49 IST" name="prerequisites" finished-at="2023-07-11T14:01:15 IST" duration-ms="26225" status="PASS">
          <params>
            <param index="0">
              <value>
                <![CDATA[chrome]]>
              </value>
            </param>
            <param index="1">
              <value>
                <![CDATA[Hyderabad]]>
              </value>
            </param>
          </params>
          <reporter-output>
          </reporter-output>
        </test-method> <!-- prerequisites -->
        <test-method signature="verifyRatingFourAndHalf()[pri:1, instance:TestCases.BrevistayRatingsAndTags@22f31dec]" started-at="2023-07-11T14:01:34 IST" name="verifyRatingFourAndHalf" description="Verify Ratings with four and half" finished-at="2023-07-11T14:01:57 IST" duration-ms="22118" status="PASS">
          <reporter-output>
          </reporter-output>
        </test-method> <!-- verifyRatingFourAndHalf -->
        <test-method signature="verifyingPremiumTag()[pri:2, instance:TestCases.BrevistayRatingsAndTags@22f31dec]" started-at="2023-07-11T14:01:57 IST" name="verifyingPremiumTag" description="Verify Premium Tag" finished-at="2023-07-11T14:02:00 IST" duration-ms="3634" status="PASS">
          <reporter-output>
          </reporter-output>
        </test-method> <!-- verifyingPremiumTag -->
        <test-method signature="verifyingLuxuryTag()[pri:3, instance:TestCases.BrevistayRatingsAndTags@22f31dec]" started-at="2023-07-11T14:02:00 IST" name="verifyingLuxuryTag" description="Verify Luxury Tag" finished-at="2023-07-11T14:02:03 IST" duration-ms="2881" status="PASS">
          <reporter-output>
          </reporter-output>
        </test-method> <!-- verifyingLuxuryTag -->
      </class> <!-- TestCases.BrevistayRatingsAndTags -->
    </test> <!-- Test -->
  </suite> <!-- Suite -->
</testng-results>
