<?xml version="1.0" encoding="UTF-8"?>
<testng-results ignored="0" total="9" passed="9" failed="0" skipped="0">
  <reporter-output>
  </reporter-output>
  <suite started-at="2023-07-09T10:06:10 IST" name="Suite" finished-at="2023-07-09T10:07:02 IST" duration-ms="52128">
    <groups>
    </groups>
    <test started-at="2023-07-09T10:06:10 IST" name="Test" finished-at="2023-07-09T10:07:02 IST" duration-ms="52128">
      <class name="TestCases.Brevistay">
        <test-method is-config="true" signature="browser(java.lang.String)[pri:0, instance:TestCases.Brevistay@3fed2870]" started-at="2023-07-09T10:06:10 IST" name="browser" finished-at="2023-07-09T10:06:14 IST" duration-ms="3564" status="PASS">
          <params>
            <param index="0">
              <value>
                <![CDATA[chrome]]>
              </value>
            </param>
          </params>
          <reporter-output>
          </reporter-output>
        </test-method> <!-- browser -->
        <test-method signature="launchHomepage()[pri:1, instance:TestCases.Brevistay@3fed2870]" started-at="2023-07-09T10:06:31 IST" name="launchHomepage" description="Launch homepage" finished-at="2023-07-09T10:06:36 IST" duration-ms="4322" status="PASS">
          <reporter-output>
          </reporter-output>
        </test-method> <!-- launchHomepage -->
        <test-method signature="login()[pri:3, instance:TestCases.Brevistay@3fed2870]" started-at="2023-07-09T10:06:36 IST" name="login" description="Login Check" finished-at="2023-07-09T10:06:41 IST" duration-ms="5526" status="PASS">
          <reporter-output>
          </reporter-output>
        </test-method> <!-- login -->
        <test-method signature="selectCity(java.lang.String)[pri:4, instance:TestCases.Brevistay@3fed2870]" started-at="2023-07-09T10:06:41 IST" name="selectCity" description="Seach data with respective city" finished-at="2023-07-09T10:06:44 IST" duration-ms="3007" status="PASS">
          <params>
            <param index="0">
              <value>
                <![CDATA[Hyderabad]]>
              </value>
            </param>
          </params>
          <reporter-output>
          </reporter-output>
        </test-method> <!-- selectCity -->
        <test-method signature="verifyingAreaFilter()[pri:5, instance:TestCases.Brevistay@3fed2870]" started-at="2023-07-09T10:06:44 IST" name="verifyingAreaFilter" description="Verify after filter applied" finished-at="2023-07-09T10:06:47 IST" duration-ms="2411" status="PASS">
          <reporter-output>
          </reporter-output>
        </test-method> <!-- verifyingAreaFilter -->
        <test-method signature="verifyingCoupleFriendly()[pri:6, instance:TestCases.Brevistay@3fed2870]" started-at="2023-07-09T10:06:47 IST" name="verifyingCoupleFriendly" description="Apply filter couple friendly." finished-at="2023-07-09T10:06:48 IST" duration-ms="1137" status="PASS">
          <reporter-output>
          </reporter-output>
        </test-method> <!-- verifyingCoupleFriendly -->
        <test-method signature="verifyingCoupleFriendlywithpah()[pri:7, instance:TestCases.Brevistay@3fed2870]" started-at="2023-07-09T10:06:48 IST" name="verifyingCoupleFriendlywithpah" description="Apply filter couple friendly with Pay at Hotel." finished-at="2023-07-09T10:06:49 IST" duration-ms="1143" status="PASS">
          <reporter-output>
          </reporter-output>
        </test-method> <!-- verifyingCoupleFriendlywithpah -->
      </class> <!-- TestCases.Brevistay -->
      <class name="TestCases.BrevistayRatingsAndTags">
        <test-method is-config="true" signature="prerequisites(java.lang.String,java.lang.String)[pri:0, instance:TestCases.BrevistayRatingsAndTags@22f31dec]" started-at="2023-07-09T10:06:14 IST" name="prerequisites" finished-at="2023-07-09T10:06:31 IST" duration-ms="17407" status="PASS">
          <params>
            <param index="0">
              <value>
                <![CDATA[chrome]]>
              </value>
            </param>
            <param index="1">
              <value>
                <![CDATA[Hyderabad]]>
              </value>
            </param>
          </params>
          <reporter-output>
          </reporter-output>
        </test-method> <!-- prerequisites -->
        <test-method signature="verifyRatingFourAndHalf()[pri:1, instance:TestCases.BrevistayRatingsAndTags@22f31dec]" started-at="2023-07-09T10:06:49 IST" name="verifyRatingFourAndHalf" description="Verify Ratings with four and half" finished-at="2023-07-09T10:06:57 IST" duration-ms="8322" status="PASS">
          <reporter-output>
          </reporter-output>
        </test-method> <!-- verifyRatingFourAndHalf -->
        <test-method signature="verifyingPremiumTag()[pri:2, instance:TestCases.BrevistayRatingsAndTags@22f31dec]" started-at="2023-07-09T10:06:57 IST" name="verifyingPremiumTag" description="Verify Premium Tag" finished-at="2023-07-09T10:07:00 IST" duration-ms="2535" status="PASS">
          <reporter-output>
          </reporter-output>
        </test-method> <!-- verifyingPremiumTag -->
        <test-method signature="verifyingLuxuryTag()[pri:3, instance:TestCases.BrevistayRatingsAndTags@22f31dec]" started-at="2023-07-09T10:07:00 IST" name="verifyingLuxuryTag" description="Verify Luxury Tag" finished-at="2023-07-09T10:07:02 IST" duration-ms="2350" status="PASS">
          <reporter-output>
          </reporter-output>
        </test-method> <!-- verifyingLuxuryTag -->
      </class> <!-- TestCases.BrevistayRatingsAndTags -->
    </test> <!-- Test -->
  </suite> <!-- Suite -->
</testng-results>
